1	50.09991	54.29988	-.0027288	.0097166	5.130755	3	1970011	0	1	1
1	73.31567	59.25853	-.0036205	.0012052	5.068549	3	1970011	0	1	1
1	45.47841	47.95034	.0043425	.0074361	4.902452	1	1974011	.8491676	1	2
1	20.12694	47.07431	-.0004569	.0048147	4.307567	1	1974011	.8491676	1	2
1	-6.018394	50.63132	-.0051023	.001381	3.414158	1	1974011	.8491676	1	2
1	14.25108	42.85268	.0107808	.0018806	3.62602	1	1974011	.8491676	1	2
1	-36.90392	38.2164	.019311	.0006263	3.841916	2	1978011	0	1	2
1	-9.811477	39.70271	.0240062	.00228	3.646504	2	1978011	0	1	2
1	16.19957	38.93212	-.0049628	.004427	2.239842	2	1978011	0	1	2
1	28.3387	37.10592	-.0001969	.0026304	1.689099	2	1978011	0	1	2
1	9.760398	32.16197	-.0098871	.0056559	.5973217	3	1982011	0	1	3
1	-4.932821	30.02913	-.0080495	.0045505	1.012898	3	1982011	0	1	3
1	-9.855279	66.10506	-.0139329	-.0011308	1.17212	3	1982011	0	1	3
1	-1.398031	34.2017	-.0126375	-.0051245	-1.004278	3	1982011	0	1	3
1	44.01454	28.47163	.0071506	.0029183	-1.648004	3	1986011	0	1	4
1	-22.20668	9.824786	-.0010795	.0017129	-3.196496	3	1986011	0	1	4
1	61.43652	-2.167831	.0107564	.0019899	-3.81054	3	1986011	0	1	4
1	15.75518	-9.176588	.0031029	.0064499	-1.776723	3	1986011	0	1	4
2	-74.6078	-16.42465	.0034317	.0112583	-5.923356	1	1990012	.5211467	1	5
2	-30.33	-35.80281	-.0010658	-.0049821	-6.285141	1	1990012	.5211467	1	5
2	-56.37356	-35.35048	.0089466	-.0242094	-5.820994	1	1990012	.5211467	1	5
2	-55.99778	-45.12253	-.0008887	-.0170588	-5.781825	1	1990012	.5211467	1	5
2	-68.36803	-60.99508	.0131311	-.0041733	-5.914639	2	1994012	0	1	5
2	-107.3413	-52.75029	.0027735	-.002104	-7.049886	2	1994012	0	1	5
2	-92.36882	-26.89373	-.0064399	.0014056	-11.6764	2	1994012	0	1	5
2	-110.4933	-56.06797	.0001956	-.006575	-6.80942	3	1998012	.4219047	1	6
2	-62.81734	-37.59864	-.0221662	.0005293	-12.25755	3	1998012	.4219047	1	6
2	-31.59451	-51.05291	-.0071736	-.0032389	-12.75522	3	1998012	.4219047	1	6
2	-3.11107	-65.99107	-.0117038	-.0079604	-7.401426	3	1998012	.4219047	1	6
1	7.319233	-59.68521	-.0098665	-.0078235	-7.859828	3	2002011	.498837	1	7
1	15.16163	-65.6263	-.023429	-.0011752	-9.358276	3	2002011	.498837	1	7
1	-45.24989	-37.66956	-.004028	-.0066144	-9.243101	3	2002011	.498837	1	7
1	-50.1796	-67.61716	.0045352	-.0120683	-17.70944	3	2002011	.498837	1	7
2	-23.97694	-94.36285	.0006469	-.0059603	-18.41152	1	2006012	.5801592	1	8
2	-55.6873	-86.23695	.0078041	-.0055111	-11.58441	1	2006012	.5801592	1	8
2	-104.3603	-80.97259	.0059229	.0045639	-6.980981	1	2006012	.5801592	1	8
2	-135.2826	-88.44696	-.0058594	-.0057519	-5.821902	1	2006012	.5801592	1	8
2	-76.82063	-90.75822	-.0063202	-.0043345	-4.705171	2	2010012	0	1	8
2	-90.32677	-89.84762	-.002171	-.0067728	-4.482801	2	2010012	0	1	8
2	-64.1893	-102.8979	.0010102	-.0015153	-2.922498	2	2010012	0	1	8
2	-73.19853	-70.31145	.010032	.0005169	-4.163611	2	2010012	0	1	8
2	-77.56045	80.92246	-.0095205	.0045828	-4.939671	1	1994032	.5424011	2	9
2	-85.89073	50.98289	-.0230001	-.0040605	-8.38275	1	1994032	.5424011	2	9
2	-97.69585	48.87558	.0045748	.0047564	-12.67667	1	1994032	.5424011	2	9
2	-96.87727	29.91247	.020936	-.0022741	-10.74934	1	1994032	.5424011	2	9
2	-168.8516	25.63052	.0120429	.0014566	-7.977843	2	1998032	.6317233	2	9
2	-116.0218	4.105157	.0016478	.0030704	-16.46762	2	1998032	.6317233	2	9
2	-155.629	-37.67678	.0095667	.0005444	-10.23824	2	1998032	.6317233	2	9
2	-160.6147	-48.62756	.0105421	-.0022967	-13.13369	1	1998032	.6317233	2	10
2	-163.5929	-42.76272	.0012247	.0034093	-15.50688	2	2002032	0	2	10
2	-102.0099	-36.14618	.0048695	-.0011419	-18.80304	2	2002032	0	2	10
2	-200.6759	-49.99054	-.012975	-.0022784	-15.19211	2	2002032	0	2	10
2	-229.7939	-20.76863	-.0045802	-.0065478	-22.68052	2	2002032	0	2	10
1	-231.4932	-35.75627	-.0052894	-.0108568	-20.60525	1	2006031	.6384574	2	11
1	-156.7291	-34.73545	.0186154	-.0069339	-14.38156	1	2006031	.6384574	2	11
1	-147.0373	-28.30159	.0377315	-.0114294	2.955106	1	2006031	.6384574	2	11
1	-118.1197	22.13772	.0133259	.0042394	.2458305	1	2006031	.6384574	2	11
1	-71.55704	36.08455	-.0178675	.0051259	2.915627	2	2010031	0	2	11
1	-80.13437	-6.472691	-.0352733	.0017262	5.930135	2	2010031	0	2	11
2	-126.8059	-107.3513	-.0367727	-.0016142	3.926747	1	2010032	.5612717	2	12
2	67.33197	-70.98299	-.035728	.0039151	-5.314495	1	2010032	.5612717	2	12
2	29.79477	-23.4371	-.0237705	.007946	-13.60171	2	2014032	0	2	12
1	-72.4575	-42.88806	.0087254	.0185584	22.59754	1	1994061	.5890195	3	13
1	-160.7233	-36.85492	.0054407	.0054594	15.58643	1	1994061	.5890195	3	13
1	-73.14889	-56.29029	.0263812	.0150338	21.96883	1	1994061	.5890195	3	13
1	-144.0233	-44.20165	.0104095	.0148979	19.08908	1	1994061	.5890195	3	13
1	-146.9999	-49.65674	.0223886	.0108587	21.69621	2	1998061	0	3	13
1	-142.7864	-42.61694	.0090743	.0081333	17.22193	2	1998061	0	3	13
1	-142.1855	-43.75654	.0156398	.0114185	17.82302	2	1998061	0	3	13
1	-140.1364	-49.164	.0111971	.0087019	-28.25109	2	1998061	0	3	13
2	-55.37984	-22.31835	.0322447	.0096765	-26.84567	1	2002062	.6504497	3	14
2	-119.6523	-44.57816	.0408528	.0038352	-25.14455	1	2002062	.6504497	3	14
2	-124.8697	-38.44026	.007098	.0109052	-24.62694	1	2002062	.6504497	3	14
2	-120.3438	-74.62656	-.0249097	-.0002471	11.16564	1	2002062	.6504497	3	14
2	-178.38	-112.8542	-.0334489	.0011062	9.914351	2	2006062	0	3	14
2	-253.4097	-138.9957	-.0112158	-.0013298	23.69873	2	2006062	0	3	14
2	-321.1576	-149.9861	.0054182	-.004232	26.35303	2	2006062	0	3	14
2	-305.4346	-146.4458	.0030357	.0059915	16.85946	2	2006062	0	3	14
1	-317.8027	-123.2894	-.0103625	.0028703	15.6929	3	2010061	0	3	15
1	-313.7072	-102.0501	-.0109938	.0067993	13.28424	3	2010061	0	3	15
1	-296.0643	-114.7352	-.021676	.002369	3.162485	3	2010061	0	3	15
1	-338.2556	-117.8569	-.0033502	.0066234	6.711712	3	2010061	0	3	15
2	-77.95191	-7.121433	.0146275	.0091803	-.7953779	3	1970102	.4312177	4	16
2	-125.9844	-15.46232	.0280029	.0094693	-.3169825	3	1970102	.4312177	4	16
2	-53.64581	32.8756	.0350415	.0040811	1.04877	3	1970102	.4312177	4	16
2	-136.6296	3.157539	.012383	.0076462	.5801845	3	1970102	.4312177	4	16
1	-185.7645	-17.16486	.0050733	-.000985	.063451	1	1974101	.611988	4	17
1	-164.476	-12.39829	.0152358	.0033792	.7334964	1	1974101	.611988	4	17
1	-81.38663	25.77884	.0126886	.0063268	.599377	1	1974101	.611988	4	17
1	-23.77945	23.68742	-.0003343	.0058344	.1901757	1	1974101	.611988	4	17
1	-57.61157	-4.409561	-.032563	.0028217	-1.242791	2	1978101	0	4	17
1	-189.5608	-21.43998	-.0314554	.0020479	-2.115086	2	1978101	0	4	17
1	-186.4795	-46.64649	-.0084704	.000736	-3.78317	2	1978101	0	4	17
1	-230.0785	-43.36181	.0046329	.0000627	-3.08348	2	1978101	0	4	17
1	-229.1187	-47.57609	.0112698	.002611	-3.847426	1	1982101	.6470189	4	18
1	-182.6405	-38.23417	.0482825	.0038847	-1.466241	1	1982101	.6470189	4	18
1	-172.8114	-41.02563	.014388	-.0020067	-.3935125	1	1982101	.6470189	4	18
1	-117.9336	-46.54736	-.0089441	-.0015514	-2.332254	1	1982101	.6470189	4	18
1	-155.7587	-37.54753	.0295507	-.0062108	-1.794303	2	1986101	0	4	18
1	-175.6311	-21.06711	-.0097366	-.0043014	-3.23048	2	1986101	0	4	18
1	-72.88607	-20.00476	.0151049	-.0149086	-3.409137	2	1986101	0	4	18
1	-113.9375	-14.01623	.011252	-.0093872	-.3837442	2	1986101	0	4	18
2	-64.24504	-36.63316	.0082946	.0040872	-3.977881	3	1990102	.4348297	4	19
2	37.28667	14.36654	.0053864	.0055607	-3.68651	3	1990102	.4348297	4	19
2	44.05667	1.995879	.0214224	.0035045	-1.331245	3	1990102	.4348297	4	19
2	8.71172	12.14361	-.0079677	-.0049743	-3.323362	3	1990102	.4348297	4	19
1	86.02679	-.023254	-.0149527	-.0094363	-2.502184	1	1994101	.5076009	4	20
1	9.214467	-6.286726	-.0231597	-.0124182	-2.919717	1	1994101	.5076009	4	20
1	68.71767	13.89859	-.005361	-.0081425	-6.382475	1	1994101	.5076009	4	20
1	82.39846	21.29311	-.0161199	-.0044891	-4.813008	1	1994101	.5076009	4	20
1	90.89084	5.135002	.0059785	-.0041701	1.047086	2	1998101	0	4	20
1	128.7271	17.78275	-.0067783	.0099523	-.9346246	2	1998101	0	4	20
1	111.5031	3.034622	-.0075828	-.0041927	-2.588363	2	1998101	0	4	20
1	117.9316	-18.77645	.0026365	.0019695	1.552935	2	1998101	0	4	20
2	143.8513	-15.74249	-.0045573	.0030448	.990739	1	2002102	.5647867	4	21
2	129.8158	-13.10191	-.0009463	.0035042	.6421149	1	2002102	.5647867	4	21
2	154.1335	-42.0378	-.0115357	.0001776	-.1468276	1	2002102	.5647867	4	21
2	47.11578	-20.81409	.0110358	-.0001093	-8.182647	1	2002102	.5647867	4	21
2	86.89942	-2.909796	-.0004955	-.0020543	-8.871752	2	2006102	0	4	21
2	61.39242	11.68066	.0336966	-.0077265	-.4500436	2	2006102	0	4	21
2	240.9627	-1.638854	.0288132	-.0067551	7.579923	2	2006102	0	4	21
2	265.5573	68.64734	.0146256	-.0036557	10.13344	2	2006102	0	4	21
2	109.327	30.64851	-.0181946	-.0083544	10.82101	3	2010102	0	4	22
2	97.80994	8.145623	-.0328448	-.0097796	9.537309	3	2010102	0	4	22
2	.4767595	33.30993	-.0375122	-.007594	10.08653	3	2010102	0	4	22
2	105.7348	29.54355	.0108394	-.0093849	11.24584	3	2010102	0	4	22
1	17.2827	6.046191	-.0280154	-.0008342	1.70974	1	1978111	.8066442	5	23
1	-79.41726	-6.84598	.0012763	-.0008146	1.237467	1	1978111	.8066442	5	23
1	-52.7318	-16.87453	-.0082056	.0045466	.0670645	1	1978111	.8066442	5	23
1	-16.20721	-10.22388	-.0013646	.0028012	-.1629178	1	1978111	.8066442	5	23
1	-21.14098	-12.86833	-.0082605	-.0006654	-1.224577	2	1982111	0	5	23
1	-16.13152	18.70603	-.0030322	-.0013077	-.8327607	2	1982111	0	5	23
1	-34.64747	23.36379	.0005201	.0006709	-.2192346	2	1982111	0	5	23
1	4.659735	17.97863	.0056344	-.0168294	-1.887427	2	1982111	0	5	23
1	11.07059	11.97584	.0259512	.0013513	-1.857478	1	1986111	.7050904	5	24
1	-45.08356	-14.35945	.0259776	.0051564	-2.416108	1	1986111	.7050904	5	24
1	-27.36403	-12.08618	.0258568	.0069932	-2.515534	1	1986111	.7050904	5	24
1	-13.20703	-5.010023	.0289586	.006879	.4235703	1	1986111	.7050904	5	24
1	-27.96024	-20.34558	.0120851	-.002187	-3.346044	2	1990111	0	5	24
1	-6.973553	-26.79416	.0082984	-.0145513	-3.333787	2	1990111	0	5	24
1	3.49762	-7.587563	-.0072031	.0027403	-3.498247	2	1990111	0	5	24
1	33.16376	40.47268	.0010301	.003348	-3.606869	2	1990111	0	5	24
1	16.63793	21.0364	.0009755	-.0048818	-4.091439	1	1994111	.5105336	5	25
1	-97.62343	-12.64291	.008172	-.0067243	-4.84327	1	1994111	.5105336	5	25
1	-49.60369	-3.034615	.0060014	.0078758	-8.789758	1	1994111	.5105336	5	25
1	11.91619	-8.637182	.0129363	.0119573	-7.806112	1	1994111	.5105336	5	25
1	73.99084	-12.12181	.0147571	-.0024519	-2.789124	2	1998111	0	5	25
1	94.22571	7.54566	.0140397	-.0027804	-6.769488	2	1998111	0	5	25
1	165.1492	1.04839	.0025254	.0050658	-7.048995	2	1998111	0	5	25
1	53.09225	-10.35344	.0049704	.0079832	-1.019725	2	1998111	0	5	25
1	30.79975	-5.316282	.0136337	.0109509	-.6294945	3	2002111	.4735619	5	26
1	-9.719482	5.836959	.0091379	.0020411	-.9857495	3	2002111	.4735619	5	26
1	23.7002	28.45533	-.0062844	.0044192	-1.205218	3	2002111	.4735619	5	26
1	69.06707	9.299417	-.0073913	.0035131	-10.48007	3	2002111	.4735619	5	26
2	52.92956	-24.399	-.0114082	.0030131	-11.86298	1	2006112	.6025776	5	27
2	45.55516	-17.45793	-.0081774	.0112252	-5.990281	1	2006112	.6025776	5	27
2	-7.05366	-30.72483	.0153659	.006109	-1.002555	1	2006112	.6025776	5	27
2	-118.7909	-30.75375	-.0074057	-.0013808	-.3335524	1	2006112	.6025776	5	27
2	34.13066	-24.95013	-.0000814	.0046292	.8652678	2	2010112	0	5	27
2	-149.1205	-27.97584	-.0271808	.0007071	-.3074848	2	2010112	0	5	27
2	-249.3289	-57.0856	-.0064602	.0061829	.5258012	2	2010112	0	5	27
2	-298.8597	-19.67701	-.0157765	.0086547	-5.959116	2	2010112	0	5	27
2	-98.52051	-84.26958	.0240226	-.0003676	7.128608	1	1976152	.5714743	6	28
2	-90.922	32.23063	-.0244769	-.00201	6.102376	1	1976152	.5714743	6	28
2	-22.96715	27.77407	-.011616	.0027187	5.594309	1	1976152	.5714743	6	28
2	-19.78987	-5.635871	.0182487	.0038578	5.666325	1	1976152	.5714743	6	28
2	-40.92405	3.412243	.0072245	.0027759	4.82573	2	1980152	0	6	28
2	-51.31239	-8.06531	-.0062108	.0026626	4.428622	2	1980152	0	6	28
2	-55.54294	.8942721	-.014228	.0011605	3.072428	2	1980152	0	6	28
2	-17.47063	-29.473	-.0307989	.0020288	2.26538	2	1980152	0	6	28
2	-1.099898	-39.80108	-.0207002	-.0194458	2.100853	1	1984152	.5250925	6	29
2	-10.47564	-13.02658	-.0291762	.005525	-.8721181	1	1984152	.5250925	6	29
2	-61.66976	-21.92636	-.0112899	.0050588	-2.180681	1	1984152	.5250925	6	29
2	-.6747942	57.98018	.0113412	-.0039437	-3.146448	1	1984152	.5250925	6	29
2	5.526006	43.94167	-.0041528	.005707	-4.301132	2	1988152	0	6	29
2	-14.91884	36.67706	.0053865	.002388	-2.213468	2	1988152	0	6	29
2	32.54747	17.9199	.0104642	.0095339	-6.187238	2	1988152	0	6	29
2	49.419	42.04727	-.001679	-.0034817	-6.725425	2	1988152	0	6	29
1	47.77136	69.05275	.0176391	-.002644	-6.183708	1	1992151	.6269157	6	30
1	48.74601	50.80365	-.0034045	.0007715	-6.637232	1	1992151	.6269157	6	30
1	71.34097	27.63738	-.0038401	.000486	-7.460828	1	1992151	.6269157	6	30
1	-29.47002	33.56223	.0194726	-.000547	-7.921032	1	1992151	.6269157	6	30
1	110.4688	-23.89231	.0102094	-.0009183	-11.87687	2	1996151	0	6	30
1	124.7646	-16.11274	.0095482	-.0057745	-11.2263	2	1996151	0	6	30
1	14.02967	-.8797504	-.0065147	-.00493	-7.114722	2	1996151	0	6	30
1	-8.958604	14.91985	-.0014375	-.0138137	-11.95915	2	1996151	0	6	30
1	35.5237	35.22786	-.0003533	-.0142053	-12.27249	1	2000151	.5757284	6	31
1	38.8256	-30.67204	.0095241	-.0123056	-5.895261	1	2000151	.5757284	6	31
1	50.29862	-12.59014	-.003775	-.0076576	-6.38366	1	2000151	.5757284	6	31
1	78.82397	-21.92175	-.0004313	-.0050516	-7.361667	1	2000151	.5757284	6	31
1	46.52743	-43.30631	-.0144227	-.0056184	-8.028997	2	2004151	.4608964	6	31
1	-58.15856	-18.08619	.0033588	-.0067225	-16.55209	2	2004151	.4608964	6	31
1	-66.11764	32.4454	.0111211	-.0072504	-17.16855	2	2004151	.4608964	6	31
2	-.5665501	61.87016	-.0171296	.0060357	-8.254293	1	2008152	.5909597	6	32
2	-82.36453	48.24615	-.004928	.0000897	-7.457009	1	2008152	.5909597	6	32
2	-47.78709	51.43127	-.012862	.0016243	-6.866476	1	2008152	.5909597	6	32
2	-30.06839	89.04978	-.0034414	.0039787	-6.971215	1	2008152	.5909597	6	32
2	-102.599	139.4542	.0020313	-.0044412	-5.770322	2	2012152	0	6	32
2	-92.8933	115.7084	.001813	.0005233	-10.00438	2	2012152	0	6	32
2	-100.551	130.956	.0037871	.0036146	-9.17698	2	2012152	0	6	32
2	-76.37176	-35.78508	.0013159	-.000233	3.093266	3	1978172	.4888881	7	33
2	-31.02618	-25.79209	-.0109089	-.0122475	2.394683	3	1978172	.4888881	7	33
2	35.17682	-25.6337	-.0118809	-.0142747	.9369156	3	1978172	.4888881	7	33
2	-39.84265	-31.4125	-.0183075	-.0011216	.7401686	3	1978172	.4888881	7	33
1	.3563687	-31.76854	.0229314	-.0003776	.8988745	1	1982171	.5445668	7	34
1	-31.51325	-34.42331	-.0088076	.0021447	.7750896	1	1982171	.5445668	7	34
1	-10.3748	-31.03252	.012634	.0013316	2.387007	1	1982171	.5445668	7	34
1	-63.82006	-66.52285	.0168566	-.0027985	1.104138	1	1982171	.5445668	7	34
1	-65.10279	-33.32466	-.0176196	-.0075557	.1190724	2	1986171	0	7	34
1	-62.29794	-60.76038	-.0056078	-.007462	.7044693	2	1986171	0	7	34
1	-62.32343	-72.57926	-.0087171	-.0251287	-1.883882	2	1986171	0	7	34
1	-73.70094	-100.616	-.0002077	-.0243833	.5079644	2	1986171	0	7	34
2	-123.7826	-69.24429	-.0061232	-.0240012	-3.383653	3	1990172	.467082	7	35
2	-108.2444	-18.04378	-.0211539	.0173704	-1.21116	3	1990172	.467082	7	35
2	-92.04736	-39.85035	-.0168711	.0084404	-1.944613	3	1990172	.467082	7	35
2	-56.35424	-35.55239	.0055594	.0132631	-2.776224	3	1990172	.467082	7	35
1	-72.34557	-50.37642	-.0001731	.0230057	-2.201143	3	1994171	0	7	36
1	-136.7903	-89.72429	.012405	.0144909	-.5926912	3	1994171	0	7	36
1	-146.8669	-10.35718	-6.40e-06	-.0140697	-5.761626	3	1994171	0	7	36
1	-4.19001	30.21698	-.0034788	-.0064553	-3.233449	3	1994171	0	7	36
2	22.31381	151.747	-.0240129	.0041391	-3.651996	1	1998172	.7640764	7	37
2	-.3030562	35.3708	.0101337	.0033169	-4.305353	1	1998172	.7640764	7	37
2	-30.28161	30.72678	.0100276	.0016481	-7.100689	1	1998172	.7640764	7	37
2	-69.24911	63.82128	.0069993	-.0001334	-3.052483	1	1998172	.7640764	7	37
2	-20.62933	27.30495	-.0046951	-.0382965	-4.887666	2	2002172	0	7	37
2	-11.75842	26.42773	-.0030413	-.0282368	-6.611176	2	2002172	0	7	37
2	68.07292	24.26994	.0021217	.0010967	-6.983493	2	2002172	0	7	37
2	-14.16713	40.94542	-.0127502	.0063532	-16.81933	2	2002172	0	7	37
1	-34.14746	44.50236	.0058583	.0069258	-17.22715	1	2006171	.5888049	7	38
1	-39.34896	37.14392	-.0136761	-.00545	-11.85775	1	2006171	.5888049	7	38
1	-71.50122	24.65562	-.0056424	.0036223	-7.975807	1	2006171	.5888049	7	38
1	-74.09195	23.86288	.0192801	-.0055126	-4.765497	1	2006171	.5888049	7	38
1	22.59604	43.34742	.0104993	.0087149	-2.923014	2	2010171	0	7	38
1	49.6113	40.49269	.0330383	.0129772	-.5920674	2	2010171	0	7	38
1	-21.58189	101.2206	-.001391	-.0056433	2.929425	1	1999181	.7321866	8	39
1	73.14172	90.88101	.0044739	-.0039143	.847958	1	1999181	.7321866	8	39
1	85.96205	75.36066	-.0026165	.0060355	6.969651	1	1999181	.7321866	8	39
1	129.145	78.36621	-.0025371	.0070948	18.47699	1	1999181	.7321866	8	39
1	93.81741	60.60255	.0097865	-.0068041	-.2097663	2	2003181	0	8	39
1	157.8075	48.20758	-.0194811	-.0001829	-4.841495	2	2003181	0	8	39
1	118.8738	84.34231	.0003183	.0128694	-14.49229	2	2003181	0	8	39
1	104.0932	90.84193	-.0115826	.0153193	-16.92911	2	2003181	0	8	39
2	103.7878	53.50338	-.0053669	.0082638	-11.93365	3	2007182	.4129278	8	40
2	5.23226	51.25523	-.0058932	-.0002608	-9.0219	3	2007182	.4129278	8	40
2	83.28275	-3.197219	-.00519	-.0006715	-8.722836	3	2007182	.4129278	8	40
2	86.57523	-20.99878	-.0089899	-.0039153	-8.240862	3	2007182	.4129278	8	40
1	23.29244	25.32355	-.0164493	-.0010118	3.14587	1	1975191	.7196465	9	41
1	2.429537	14.15279	-.0137259	-.0008938	2.306754	1	1975191	.7196465	9	41
1	-41.92006	-21.50665	.0380379	.0039075	3.233398	1	1975191	.7196465	9	41
1	-63.31623	-40.28024	.0287065	.0027198	3.619591	1	1975191	.7196465	9	41
1	13.20574	-47.87663	.0317044	-.0016495	3.63789	2	1979191	0	9	41
1	2.377723	-59.68771	.0113981	-.0059059	2.451172	2	1979191	0	9	41
1	-30.92136	-47.91547	.0183669	.0041321	2.463779	2	1979191	0	9	41
1	-108.8191	-40.7961	.0153525	-.0078266	1.986894	2	1979191	0	9	41
2	-67.36031	-48.01168	.0432298	-.0008251	3.498666	3	1983192	.3689546	9	42
2	-3.503152	-72.90058	.031348	-.0056587	4.950153	3	1983192	.3689546	9	42
2	51.98788	-74.86462	.0038362	-.004371	2.976564	3	1983192	.3689546	9	42
2	99.39764	-106.1365	-.0224647	-.0034629	1.225736	3	1983192	.3689546	9	42
1	109.6861	-105.0792	-.0373967	-.011147	-1.284706	3	1987191	0	9	43
1	-30.06257	-2.946555	-.0250106	-.0130694	-3.022473	3	1987191	0	9	43
1	3.75369	-33.07084	-.0533025	-.0115125	-2.066592	3	1987191	0	9	43
1	-57.46841	-52.96153	-.0520254	-.0087704	-7.84808	3	1987191	0	9	43
1	-93.23051	-35.07681	-.0206309	-.0042939	-7.997516	3	1991191	0	9	44
1	-106.4926	-52.47873	-.0120322	.0048039	-7.554829	3	1991191	0	9	44
1	-103.5279	-100.6303	.0178523	.0038727	-5.834774	3	1991191	0	9	44
1	-48.23693	-95.30311	.0145454	.006319	-5.739904	3	1991191	0	9	44
1	-32.51662	-110.8658	.0020886	.0019314	-6.136149	3	1995191	0	9	45
1	50.13058	-132.5329	-.000607	.0012472	-10.40581	3	1995191	0	9	45
1	-32.98317	-149.0741	.0087719	.0102995	-8.136786	3	1995191	0	9	45
1	45.60549	-148.2039	-.0077277	.0107345	-4.627433	3	1995191	0	9	45
2	-69.92984	-124.6652	-.0177858	.0394286	-9.64316	1	1999192	.6779812	9	46
2	-107.9926	-42.08432	-.0056076	.0180371	-10.12678	1	1999192	.6779812	9	46
2	-99.6656	-69.22742	-.017187	.0017624	-5.288768	1	1999192	.6779812	9	46
2	-113.115	-11.54491	-.0270878	.0030055	-10.09315	1	1999192	.6779812	9	46
2	-157.0229	-34.47075	-.0238596	-.0020728	-11.98283	2	2003192	0	9	46
2	-349.6239	-5.688099	.0264233	.0008767	-10.51109	2	2003192	0	9	46
2	-316.8519	25.1944	-.0009371	.0034002	-19.38099	2	2003192	0	9	46
2	-328.1156	39.51548	-.0074796	.0107345	-20.6308	2	2003192	0	9	46
1	-226.2445	20.34721	-.0034182	.0224623	-14.40381	3	2007191	0	9	47
1	-277.9662	3.218759	.0214772	.0089289	-9.034262	3	2007191	0	9	47
1	-67.20775	54.94473	-.0124201	.0103087	-4.878482	3	2007191	0	9	47
1	213.1988	62.69327	.0350427	.0149615	-1.844161	3	2007191	0	9	47
2	-145.5082	-80.97185	-.0077508	.0025313	6.057637	3	1966202	.4687591	10	48
2	-161.8159	-75.25522	.0213899	.0000419	6.470592	3	1966202	.4687591	10	48
2	-198.582	-75.22417	.0030229	.005159	6.345047	3	1966202	.4687591	10	48
2	-206.0369	-78.78488	-.0151032	.0025789	5.972483	3	1966202	.4687591	10	48
1	-202.9506	-78.08469	-.0117548	.0024089	4.85941	1	1970201	.5013676	10	49
1	-214.4463	-76.71085	-.0220117	-.0011613	4.487435	1	1970201	.5013676	10	49
1	-208.852	-100.9864	.0022903	-.0041107	4.768393	1	1970201	.5013676	10	49
1	-88.12094	-55.67725	.0087236	-.0008258	5.582009	1	1970201	.5013676	10	49
1	-41.51212	-54.1469	-.0146353	.0021835	5.361914	2	1974201	0	10	49
1	-33.31728	-14.67524	-.0125286	-.0033141	4.105044	2	1974201	0	10	49
1	-17.51924	-18.93752	-.0010521	-.0057359	3.33882	2	1974201	0	10	49
1	-81.92096	-34.17286	.0188635	.002875	3.840511	2	1974201	0	10	49
1	-32.08372	-53.58352	-.0036951	.006725	-.8847118	1	1982201	.6190677	10	50
1	-44.94561	-45.86819	.018687	.0007537	.3598445	1	1982201	.6190677	10	50
1	-87.42203	-27.52035	-.0146563	-.0055308	.2311617	1	1982201	.6190677	10	50
1	-74.89043	-27.02104	.017702	.0040626	-1.128546	1	1982201	.6190677	10	50
1	-43.67751	-19.45509	.0151308	.0030223	-1.799852	2	1986201	0	10	50
1	-37.84523	-1.67622	.0113952	.0007491	-3.187514	2	1986201	0	10	50
1	-35.26155	2.060504	.0182851	.0150117	-3.72296	2	1986201	0	10	50
1	7.180498	28.32245	.0347502	.0112467	-.7020724	2	1986201	0	10	50
2	.3418386	66.10861	.0370029	.0130915	-3.914451	1	1990202	.514487	10	51
2	41.47964	134.1749	.0278567	.0076121	-3.538849	1	1990202	.514487	10	51
2	125.6467	107.4225	.0120782	-.0026193	-3.463861	1	1990202	.514487	10	51
2	113.5733	75.93203	-.0184132	.0047077	-4.388733	1	1990202	.514487	10	51
2	190.0035	23.41736	-.0222387	-.0036304	-5.488488	2	1994202	0	10	51
2	104.9119	60.39817	-.0188749	-.0001959	-7.153167	2	1994202	0	10	51
2	123.2601	60.76276	-.0161001	.000485	-11.86657	2	1994202	0	10	51
2	65.82424	13.31654	-.0111154	-.0002752	-11.69526	2	1994202	0	10	51
1	229.6915	62.66369	.0076351	.0061689	-15.97648	1	2006201	.5577943	10	52
1	350.4969	83.98772	.0008405	.0109324	-9.572459	1	2006201	.5577943	10	52
1	295.841	120.0968	-.0301163	.0063268	-6.972314	1	2006201	.5577943	10	52
1	304.1046	155.7057	-.0123362	.0002675	-5.809123	1	2006201	.5577943	10	52
1	186.2043	145.4344	-.0091069	-.0006128	-4.700744	2	2010201	0	10	52
1	106.9826	166.6708	-.0074528	.0023232	-4.640613	2	2010201	0	10	52
1	159.6817	112.7498	.0283362	.0065627	-1.899289	2	2010201	0	10	52
1	212.9127	104.9505	-.0150556	.0004485	-.9060832	2	2010201	0	10	52
2	-48.69423	-51.24067	.0017211	-.0080242	-7.689361	1	1954212	.5445535	11	53
2	-52.72926	-70.59246	.0222125	-.007213	-7.143816	1	1954212	.5445535	11	53
2	-74.42944	-76.6101	.0157184	-.0054039	-7.005842	1	1954212	.5445535	11	53
2	-82.06057	-58.28022	-.0042959	-.0052223	-7.509314	1	1954212	.5445535	11	53
2	-55.73177	-51.26199	.0072059	-.0566362	-6.812483	2	1958212	0	11	53
2	-48.32076	-34.55449	.0114735	-.00086	-6.107692	2	1958212	0	11	53
2	-19.48189	-53.11808	-.0094611	-.0018785	-6.29823	2	1958212	0	11	53
2	-16.50401	-56.05478	-.0296235	-.0020333	-7.361785	2	1958212	0	11	53
1	-43.78856	-6.930455	-.0009448	-.0011609	-7.389815	1	1962211	.5564119	11	54
1	-61.92143	-.2800475	-.0053253	-.0021148	-7.26458	1	1962211	.5564119	11	54
1	-60.23648	-10.09496	.0172952	-.000245	-6.700243	1	1962211	.5564119	11	54
1	-11.43275	4.232574	.0125884	-.0005901	-6.336899	1	1962211	.5564119	11	54
1	-11.33842	1.311854	.0210427	.0000208	-6.404725	2	1966211	0	11	54
1	-23.2287	-2.627056	.0224365	.0013883	-6.094321	2	1966211	0	11	54
1	-15.53212	5.327352	.0052391	.0006644	-6.523626	2	1966211	0	11	54
1	-34.0275	-1.165529	.0153876	.0045594	-6.410149	2	1966211	0	11	54
1	112.4233	36.32962	-.0008799	.0002927	-3.216453	1	1974211	.6349699	11	55
1	164.7624	21.91601	-.0179993	.0006102	-3.749255	1	1974211	.6349699	11	55
1	239.3185	49.74656	-.0312229	-.001554	-4.426704	1	1974211	.6349699	11	55
1	222.7396	35.6528	-.0018997	.0006872	-4.745245	1	1974211	.6349699	11	55
1	270.2172	53.61654	-.0099182	-.0018345	-5.174565	2	1978211	0	11	55
1	251.9804	78.77257	-.0126309	.0006186	-5.384301	2	1978211	0	11	55
1	199.4865	67.81931	-.0206667	.0025085	-5.821745	2	1978211	0	11	55
1	157.9398	90.35615	-.0247101	-.0021296	-5.608517	2	1978211	0	11	55
1	188.6503	88.97095	-.0206609	-.0015969	-5.863514	1	1982211	.6199066	11	56
1	159.0854	53.66413	.0045098	.0025422	-5.666926	1	1982211	.6199066	11	56
1	110.4742	48.70141	-.0152893	-.0067226	-3.701905	1	1982211	.6199066	11	56
1	110.4901	44.0304	.0112085	-.0072549	-4.285795	1	1982211	.6199066	11	56
1	118.8754	50.97569	.0118705	-.0056719	.3332705	2	1986211	0	11	56
1	29.56001	49.40982	.0022688	-.0088571	-1.615306	2	1986211	0	11	56
1	-11.6062	40.40849	.0213626	-.001639	.7987419	2	1986211	0	11	56
1	14.94395	52.25948	.0201268	.0070222	5.644349	2	1986211	0	11	56
1	23.42836	58.60497	.0203939	.0056008	7.278004	1	1990211	.597676	11	57
1	40.48482	68.93715	.0167412	-.0013027	9.403882	1	1990211	.597676	11	57
1	6.464437	60.29041	-.0026687	.0015946	12.11698	1	1990211	.597676	11	57
1	17.49857	56.77438	-.0080997	-.0033234	13.64755	1	1990211	.597676	11	57
1	28.7017	12.95857	-.0081647	-.0060452	11.32712	2	1994211	0	11	57
1	-100.9175	-16.29473	-.023759	-.0114289	11.97111	2	1994211	0	11	57
1	-124.9082	.1811083	-.0141395	-.0036695	7.472588	2	1994211	0	11	57
1	-152.9648	6.512544	-.0150773	-.0067898	7.918302	2	1994211	0	11	57
1	-130.8633	13.14132	-.0162444	-.0031429	10.5761	1	1998211	.5516551	11	58
1	-112.6451	-2.441823	-.0182367	.0040347	4.27651	1	1998211	.5516551	11	58
1	-111.5265	-4.163867	-.0037556	.0047684	3.42993	1	1998211	.5516551	11	58
1	-147.5671	-14.79006	-.0038833	.0034899	8.359564	1	1998211	.5516551	11	58
1	-148.3799	-46.97914	.0083975	-.0078941	3.600415	2	2002211	0	11	58
1	-112.8155	-36.74671	.0102764	.0191318	3.211795	2	2002211	0	11	58
1	-65.36489	-50.20059	.006396	.0204603	3.465641	2	2002211	0	11	58
1	-74.13127	-45.35679	.0107211	.0099296	-7.2329	2	2002211	0	11	58
2	-47.75468	-62.24997	-.0011208	.0223446	-8.221604	3	2006212	.4669593	11	59
2	-137.9773	-76.21842	.0125398	.0075219	12.18077	3	2006212	.4669593	11	59
2	-146.7358	-96.43259	.0019317	.0060934	15.89317	3	2006212	.4669593	11	59
2	-83.13309	-71.35133	-.0075573	.0050088	19.01181	3	2006212	.4669593	11	59
1	28.92097	-74.79284	-.010638	.0039607	10.5788	1	2010211	.5737509	11	60
1	46.57904	-37.19628	-.0081458	.0018631	10.18559	1	2010211	.5737509	11	60
1	60.59714	-30.57076	.0153642	.0032871	11.15747	1	2010211	.5737509	11	60
1	-38.39951	-41.25387	-.0016642	.0017805	6.717357	1	2010211	.5737509	11	60
1	-75.20229	-40.72676	-.0072228	.0020457	8.460651	2	2014211	0	11	60
2	-69.92162	-144.2277	-.0267147	.0102719	4.574859	3	1970282	.4483316	12	61
2	-104.1188	-3.033209	-.0241756	.0017765	3.790764	3	1970282	.4483316	12	61
2	-55.04092	-4.420501	.0236735	.0029242	4.516676	3	1970282	.4483316	12	61
2	-56.4026	-8.27425	-.0112064	-.0129283	4.29529	3	1970282	.4483316	12	61
1	-41.00988	-6.459099	.0118475	-.0028363	5.066959	1	1974281	.6256256	12	62
1	-69.29459	-37.01596	.0014424	-.0006543	4.802257	1	1974281	.6256256	12	62
1	-107.7461	-41.33957	.0411328	.0034667	6.139918	1	1974281	.6256256	12	62
1	-51.52471	-29.4444	-.0538365	-.0001076	3.978141	1	1974281	.6256256	12	62
1	-40.54832	-62.84322	.0472042	-.0007765	5.450718	2	1978281	0	12	62
1	-41.58002	-15.21696	-.0541706	.000855	3.064472	2	1978281	0	12	62
1	26.50089	56.70992	-.0197508	-.0010452	1.248257	2	1978281	0	12	62
1	17.40513	38.08125	.0320325	-.0025499	2.27757	2	1978281	0	12	62
2	20.49025	42.82121	-.040993	.0001455	.1456928	3	1982282	.4933962	12	63
2	.6370053	68.92063	-.0435419	-.0379345	-1.058841	3	1982282	.4933962	12	63
2	.2762302	-2.324494	.0393653	.0111131	.8677189	3	1982282	.4933962	12	63
2	-3.287092	-12.52999	.0096641	.0160507	-.5095993	3	1982282	.4933962	12	63
1	34.5144	42.69236	-.0221157	.0329158	-2.080866	3	1986281	0	12	64
1	8.877743	2.56147	.0115548	.0112514	-2.905584	3	1986281	0	12	64
1	59.63889	-56.40695	-.007551	.0077941	-3.838793	3	1986281	0	12	64
1	2.20144	-32.78241	-.019208	.0176249	-2.3535	3	1986281	0	12	64
2	-14.94449	-45.75175	-.0068973	.015608	-6.389385	3	1990282	.4965349	12	65
2	-41.41045	-20.21379	-.0008184	.0149537	-6.645242	3	1990282	.4965349	12	65
2	-32.74689	-6.223206	-.0134085	.0123999	-7.172835	3	1990282	.4965349	12	65
2	7.964195	-15.15901	.0154334	.0139613	-6.51788	3	1990282	.4965349	12	65
1	52.61642	51.85973	.0026745	.0070539	-6.680045	1	1994281	.7406299	12	66
1	46.54822	51.32297	-.003065	.0017567	-7.789693	1	1994281	.7406299	12	66
1	49.74833	41.39094	-.0118242	.0137928	-12.66133	1	1994281	.7406299	12	66
1	40.92033	53.62793	.0132203	.0107145	-11.54233	1	1994281	.7406299	12	66
1	4.973963	31.78326	.0091441	.0018204	-6.818603	2	1998281	0	12	66
1	40.05986	34.87949	.0362567	.0009706	-9.905675	2	1998281	0	12	66
1	71.95417	56.1191	-.022772	.0016026	-11.44602	2	1998281	0	12	66
1	-10.48184	24.80632	.0022177	-.0014559	-5.241583	2	1998281	0	12	66
2	23.94725	-6.191558	.0084441	.0054539	-4.864316	1	2002282	.713964	12	67
2	83.46674	51.91475	-.0067024	.0092261	-6.095418	1	2002282	.713964	12	67
2	44.48248	35.50101	.0043738	.0092855	-5.55172	1	2002282	.713964	12	67
2	33.72803	46.28005	-.0021895	-.0008864	-14.70842	1	2002282	.713964	12	67
2	31.18167	111.7803	.0310777	.0035511	-14.3711	2	2006282	.7500697	12	67
2	-11.39319	130.2194	-.0126034	.0060897	-8.662609	2	2006282	.7500697	12	67
2	-130.5435	62.31263	.0222505	-.0056602	-1.232251	1	2010282	.7390448	12	68
2	-110.1233	54.826	.0228998	-.0060969	.4268416	1	2010282	.7390448	12	68
2	-54.86354	72.74769	.0035065	-.0005737	1.369536	1	2010282	.7390448	12	68
2	-69.9896	31.09216	.0052663	-.0024177	.2886227	1	2010282	.7390448	12	68
2	-142.5867	31.58892	.0327731	-.0023997	3.165459	2	2014282	0	12	68
1	-135.0022	-85.36741	.0132854	-.0021654	-3.024668	1	1957311	.5509917	13	69
1	-106.3548	-81.49989	-.0038223	-.0427306	-2.809137	1	1957311	.5509917	13	69
1	-126.724	-105.915	.0083649	.0064637	-2.229639	1	1957311	.5509917	13	69
1	-182.7142	-107.2784	-.0014076	.005186	-2.108292	1	1957311	.5509917	13	69
1	-202.9061	-87.18088	-.0535231	.0052098	-3.971954	2	1961311	0	13	69
1	-226.6076	-95.77081	.0222793	.0032944	-3.283931	2	1961311	0	13	69
1	-226.5887	-109.6858	.0012224	.0007764	-3.149251	2	1961311	0	13	69
1	-230.641	-113.0173	.009823	.0037439	-3.122776	2	1961311	0	13	69
1	-206.5445	-114.245	.0120171	.0038969	-2.876202	1	1965311	.5827969	13	70
1	-222.2433	-118.3176	.0047426	.0000334	-2.822958	1	1965311	.5827969	13	70
1	-237.5475	-132.8366	.0085031	.0020624	-2.348392	1	1965311	.5827969	13	70
1	-257.8562	-146.6049	-.0073657	.0018205	-2.239614	1	1965311	.5827969	13	70
1	-293.2516	-169.2125	-.0003269	.0019769	-1.83016	2	1969311	0	13	70
1	-270.8549	-90.1215	.0119324	-.0041544	-1.562303	2	1969311	0	13	70
1	-249.8193	-109.2015	.0049308	-.0031893	-1.032745	2	1969311	0	13	70
1	-198.1082	-129.8745	.0140844	-.0113801	-.1774093	2	1969311	0	13	70
2	-120.5983	-137.8291	-.0027935	-.0120007	.0882471	3	1973312	0	13	71
2	-75.15436	-108.0638	-.0130331	-.008233	.5537245	3	1973312	0	13	71
2	-45.98921	-137.9954	-.0233707	.0013358	.1599518	3	1973312	0	13	71
2	-41.8847	-123.9665	-.038512	.0031677	-.5710306	3	1973312	0	13	71
1	9.958583	-132.7152	-.0103111	.0024115	-.9615688	1	1977311	.5713027	13	72
1	2.28572	-137.3117	-.0157105	.0080736	-1.548986	1	1977311	.5713027	13	72
1	-83.02412	-141.1362	-.011457	.0076651	-1.882	1	1977311	.5713027	13	72
1	79.9587	-33.27285	-.0096133	.0133015	-2.867527	1	1977311	.5713027	13	72
1	28.78502	-53.23563	-.016328	.0152501	-3.368545	2	1981311	0	13	72
1	48.29915	-64.52705	-.0106928	.0036462	-4.206004	2	1981311	0	13	72
1	18.76389	-33.03393	.0169358	-.0015286	-3.349127	2	1981311	0	13	72
1	78.39273	17.69138	-.0052161	-.0082527	-2.923669	2	1981311	0	13	72
2	104.585	24.42198	.0131624	.0013857	-4.236104	1	1985312	.7035406	13	73
2	84.1612	59.80212	.0192936	.0032452	-3.775643	1	1985312	.7035406	13	73
2	101.6225	81.46198	.0021612	.0025988	-4.192333	1	1985312	.7035406	13	73
2	125.8098	69.24699	.0097535	.0077268	-3.61478	1	1985312	.7035406	13	73
2	208.9223	98.77796	.0182579	.0038349	-.5385529	2	1989312	0	13	73
2	218.4027	123.428	.0239825	.0050483	-2.833747	2	1989312	0	13	73
2	300.1758	66.29578	.0248053	.0115277	-.3608714	2	1989312	0	13	73
2	332.2482	64.90689	-.0040847	.0119713	-.1411035	2	1989312	0	13	73
1	229.7675	34.61259	-.0072297	.0088131	1.308622	3	1993311	.4946665	13	74
1	209.2727	142.4946	-.0193793	.0055218	.1474183	3	1993311	.4946665	13	74
1	449.2929	206.7645	.0054534	.0013976	-.0290496	3	1993311	.4946665	13	74
1	320.0475	159.0022	-.0175833	-.004654	-4.779621	3	1993311	.4946665	13	74
2	304.9026	145.0066	-.0204689	-.0032223	-4.612209	1	1997312	.505672	13	75
2	319.8813	90.47887	.0090377	-.0089539	.6948173	1	1997312	.505672	13	75
2	224.2915	90.5854	.0029465	-.0058322	-3.322672	1	1997312	.505672	13	75
2	-87.42001	15.87563	.0113885	-.0047145	-2.186554	1	1997312	.505672	13	75
2	40.37095	38.89167	.0001887	-.0099553	4.450814	2	2001312	0	13	75
2	-86.27747	68.6547	-.0005418	-.0085801	4.941257	2	2001312	0	13	75
2	-85.25282	53.69222	.0314531	-.0116513	6.660199	2	2001312	0	13	75
1	269.1965	130.4284	.0183151	-.0053659	11.6334	3	2009311	.4808339	13	76
1	118.1442	219.9582	.0069831	-.004808	13.96097	3	2009311	.4808339	13	76
1	93.21512	261.2441	-.0091027	-.0045446	13.78997	3	2009311	.4808339	13	76
1	99.3298	191.3907	-.0071776	-.0038263	13.28997	3	2009311	.4808339	13	76
2	-307.15	-14.58146	.0217448	.0047771	13.52333	1	1952322	.5376473	14	77
2	-301.8439	-30.31992	.0114865	.0044514	13.26256	1	1952322	.5376473	14	77
2	-260.0318	-13.69341	-.0049723	.0078748	12.38078	2	1954322	0	14	77
2	-268.1907	-18.85801	.0143171	.0026749	12.6819	2	1954322	0	14	77
1	-247.5766	-16.95886	.0152024	-.0442323	12.2689	3	1956321	.4777061	14	78
1	-245.9636	-23.20863	.0028221	-.0011574	11.91002	3	1956321	.4777061	14	78
2	-197.3754	-27.13848	.0525827	.0046001	11.91628	3	1958322	.4953328	14	79
2	-178.9098	-29.15624	.0675671	-.0016832	12.898	3	1958322	.4953328	14	79
1	-187.7088	-27.38476	.0185556	-.0010049	12.90499	3	1960321	.4967468	14	80
1	-197.2143	-36.6041	-.0277927	.0021702	11.85971	3	1960321	.4967468	14	80
2	-192.5315	-69.71884	.0002656	.00062	11.70841	3	1962322	.4701579	14	81
2	-171.352	-45.59556	-.0305962	-.0012909	10.6801	3	1962322	.4701579	14	81
1	-107.4729	-28.40617	-.0179623	.0045559	10.18612	1	1964321	.6021218	14	82
1	-96.74103	5.306076	-.014353	.0010317	9.788	1	1964321	.6021218	14	82
1	-45.6416	17.42651	-.0289355	-.0013436	9.081513	2	1966321	0	14	82
1	33.42932	12.10039	-.0363129	-.0033898	8.462713	2	1966321	0	14	82
2	4.893033	-21.55396	-.0354894	.0015881	7.597144	1	1968322	.5045846	14	83
2	-47.64437	-37.49895	-.0188747	.0005997	7.179872	1	1968322	.5045846	14	83
2	-88.16271	-22.96119	-.0074986	.0107349	6.56238	2	1970322	0	14	83
2	-68.67675	-7.601592	.0107019	.013451	6.895945	2	1970322	0	14	83
1	-35.61457	44.90997	.0232443	-.0012722	-6.079589	3	1994321	.4448813	14	84
1	30.19588	55.86768	-.0024986	-.003996	-9.395791	3	1994321	.4448813	14	84
1	53.20827	51.00187	.0195298	-.0047308	-13.88101	3	1994321	.4448813	14	84
1	71.63958	73.57065	.005041	-.002601	-13.27687	3	1994321	.4448813	14	84
2	16.96835	61.2105	.0100295	-.0031088	-9.184345	1	1998322	.5453106	14	85
2	72.15926	92.53197	-.0149908	-.0063022	-14.79746	1	1998322	.5453106	14	85
2	62.24911	105.5472	-.0151049	-.0061252	-13.2388	1	1998322	.5453106	14	85
2	109.7325	115.3257	-.0111529	.0039685	-10.55564	1	1998322	.5453106	14	85
2	147.4758	91.51875	-.026206	.0028459	-12.19602	2	2002322	0	14	85
2	144.8477	82.86208	-.0144862	-.002914	-13.85975	2	2002322	0	14	85
2	79.91505	31.60031	.0396166	-.0091897	-11.89062	2	2002322	0	14	85
2	152.0666	9.804456	-.0091817	-.0059176	-21.32559	2	2002322	0	14	85
1	186.5329	-19.73226	-.006491	-.0069077	-22.50111	1	2006321	.6881735	14	86
1	178.2313	-9.516048	.006905	-.0112445	-16.14759	1	2006321	.6881735	14	86
1	303.0571	-26.15797	.0130703	.0032356	-11.3726	1	2006321	.6881735	14	86
1	301.0305	-33.51064	-.0061607	.0056128	-10.19462	1	2006321	.6881735	14	86
1	493.3369	-9.369925	-.0019031	.0022609	-9.262881	2	2010321	0	14	86
1	472.6111	-23.84826	.0054265	.0059759	-5.478793	2	2010321	0	14	86
1	674.265	-83.36202	.0055731	-.0016969	-3.430292	2	2010321	0	14	86
1	617.0676	-100.8653	-.0060115	-.0016299	-4.640053	2	2010321	0	14	86
1	-96.65325	35.76673	.0109093	.0075866	-10.23046	1	1996341	.5670139	15	87
1	-19.50103	49.9341	.0022132	-.0078346	-9.561992	1	1996341	.5670139	15	87
1	-21.50028	51.44662	.0111901	-.0013351	-4.741167	1	1996341	.5670139	15	87
1	-15.18594	52.06037	.0049685	-.0032221	-9.202282	1	1996341	.5670139	15	87
1	24.39121	41.67936	.0152609	-.0054076	-8.810814	2	2000341	0	15	87
1	61.99257	60.43991	.0036469	-.0003403	-2.754217	2	2000341	0	15	87
1	83.71962	53.06652	.0090393	.0011554	-2.614633	2	2000341	0	15	87
1	139.0768	53.36124	-.0016006	.009803	-3.490316	2	2000341	0	15	87
1	102.5654	62.08673	-.0188964	.0016232	-4.322791	1	2004341	.5646637	15	88
1	3.135423	77.64909	-.0105629	.0028302	-13.74704	1	2004341	.5646637	15	88
1	-13.5509	54.55941	-.0113091	-.0090822	-15.22306	1	2004341	.5646637	15	88
1	38.04567	43.44342	.0105954	-.0111935	-8.331925	1	2004341	.5646637	15	88
1	65.85907	43.80378	.0114015	-.0141458	-3.599404	2	2008341	0	15	88
1	-35.87234	74.19352	-.0001541	-.0127726	-2.742234	2	2008341	0	15	88
1	5.942143	96.29552	.0062213	-.0127126	-1.312466	2	2008341	0	15	88
1	-18.76575	100.6488	-.0063061	-.0108326	-1.662845	2	2008341	0	15	88
1	-100.0741	52.07597	.0043241	-.0111907	-.5513144	3	2012341	0	15	89
1	-168.5911	97.69897	-.0056116	-.0103207	-3.548093	3	2012341	0	15	89
1	-138.4064	99.08363	-.0036497	-.011253	-2.966116	3	2012341	0	15	89
2	-50.39883	-30.52005	.0057016	.0025687	-18.25945	1	1966362	.6217774	16	90
2	-83.49522	-42.75579	.0126993	.000111	-18.90464	1	1966362	.6217774	16	90
2	-95.5916	-61.0992	.0099328	-.0036169	-18.70235	1	1966362	.6217774	16	90
2	-94.11092	-76.64962	.0175284	-.0045804	-19.07517	1	1966362	.6217774	16	90
2	-119.2133	-83.35318	-.0080694	-.0037675	-19.15705	2	1970362	0	16	90
2	-85.30724	-71.61465	.0184468	-.0023969	-17.82919	2	1970362	0	16	90
2	-84.93723	-76.55978	-.0047429	-.0027609	-17.37179	2	1970362	0	16	90
2	-106.8077	-80.82397	-.0229552	-.0052892	-18.3823	2	1970362	0	16	90
1	-134.6623	-95.33847	-.017533	.0048067	-17.48962	3	1974361	.4980698	16	91
1	-118.4114	-98.86479	-.0162674	.0011362	-14.99913	3	1974361	.4980698	16	91
1	-54.66657	-61.64195	-.0112933	.0037219	-10.78163	3	1974361	.4980698	16	91
1	-34.46315	-75.39609	.006835	.0014997	-9.525347	3	1974361	.4980698	16	91
2	-24.28381	-71.45595	-.0179217	.0021393	-13.8922	1	1978362	.5086216	16	92
2	-76.01071	-81.61687	.0080067	-.0027487	-2.944739	1	1978362	.5086216	16	92
2	-36.96211	-95.68603	.0134591	.0071114	6.735842	1	1978362	.5086216	16	92
2	-18.2849	-80.17107	-.0123536	.0065194	-7.765277	1	1978362	.5086216	16	92
2	-24.88919	-84.87532	-.0067523	.0037194	-7.823825	2	1982362	0	16	92
2	-39.95572	-77.56628	-.0093907	.0052116	4.897814	2	1982362	0	16	92
2	-14.59104	-60.36494	-.0264855	.0007522	-11.14808	2	1982362	0	16	92
2	-30.70789	-42.2215	-.0137005	.0064457	-2.156668	2	1982362	0	16	92
1	30.89863	25.72277	.007089	.0005002	2.186165	1	1986361	.6061946	16	93
1	79.86082	49.43641	.0083278	.0098686	4.068285	1	1986361	.6061946	16	93
1	47.26063	52.302	.0059405	.0004493	10.60305	1	1986361	.6061946	16	93
1	53.1397	51.43765	.0018452	.0073775	19.88402	1	1986361	.6061946	16	93
1	98.34	17.43641	.0004647	.0084245	21.86741	2	1990361	0	16	93
1	66.45251	14.68308	.0058206	.0030034	26.05347	2	1990361	0	16	93
1	32.46108	22.51262	.0053314	.0027222	28.92224	2	1990361	0	16	93
1	71.65987	37.67699	.0047233	.0009312	27.98767	2	1990361	0	16	93
2	66.91074	17.42898	-.0066074	-.0007599	36.63731	1	1994362	.7418164	16	94
2	23.65524	10.4125	.0045731	-.0012817	44.98782	1	1994362	.7418164	16	94
2	9.143858	6.905178	.0006194	.0012811	43.79779	1	1994362	.7418164	16	94
2	42.45845	36.49177	.0092934	.0001631	41.44831	1	1994362	.7418164	16	94
2	-8.603719	44.23413	-.0014451	.0067841	32.19953	2	1998362	0	16	94
2	1.784932	51.65508	-.0104255	.0046647	26.78482	2	1998362	0	16	94
2	57.48312	35.60568	.0146118	.0050749	20.95593	2	1998362	0	16	94
2	73.93545	132.8966	-.0058152	.0021154	17.39745	2	1998362	0	16	94
2	21.14239	37.46547	-.0011903	.0036242	21.27429	1	2002362	.6012406	16	95
2	35.47557	70.18661	-.0108188	.0005361	15.33928	1	2002362	.6012406	16	95
2	52.29632	48.69439	-.0148183	-.0005307	17.78146	1	2002362	.6012406	16	95
2	79.54186	79.09048	.0079744	.0055327	13.53473	1	2002362	.6012406	16	95
2	123.4128	77.35298	.0023044	.0070254	14.82912	2	2006362	0	16	95
2	120.5787	104.7205	-.0152108	.0105431	18.06334	2	2006362	0	16	95
2	152.0589	105.7185	-.0132048	.0076424	18.58169	2	2006362	0	16	95
2	191.4547	112.6459	-.0094854	.006132	16.68331	2	2006362	0	16	95
1	143.4606	77.42393	-.0106636	.0075894	14.95675	3	2010361	.4895801	16	96
1	46.86836	91.47729	-.0086426	.0065948	22.1881	3	2010361	.4895801	16	96
1	52.23845	58.28167	.012442	.0039803	3.18494	3	2010361	.4895801	16	96
1	52.60312	78.87053	.0014911	.0062109	23.46641	3	2010361	.4895801	16	96
2	144.0679	40.01642	.0227789	.0009831	-6.619565	3	1970372	.4983832	17	97
2	177.1635	23.62398	.0012603	.0088975	-6.711564	3	1970372	.4983832	17	97
2	122.3578	15.88395	.0039642	.0066923	-7.083269	3	1970372	.4983832	17	97
2	82.13688	-24.32318	.0093307	.0044579	-6.344913	3	1970372	.4983832	17	97
1	40.43369	-29.57038	-.0025986	.004583	-6.787159	3	1974371	0	17	98
1	36.90413	-19.81549	-.0136298	.0113989	-7.086824	3	1974371	0	17	98
1	19.64103	-49.10787	.0051408	.0108855	-7.946885	3	1974371	0	17	98
1	-49.21244	-61.10752	.0158484	.0045016	-7.818529	3	1974371	0	17	98
1	-134.0108	-51.94457	.025285	.0003184	-6.872969	3	1978371	0	17	99
1	-111.3279	-43.54477	.0010066	.0018746	-6.454919	3	1978371	0	17	99
1	-86.09207	-65.73576	.0086402	.001108	-5.702811	3	1978371	0	17	99
1	-105.7953	-67.53054	.0063367	-.0019623	-5.403476	3	1978371	0	17	99
1	-91.85971	-71.96484	.042302	-.0115756	7.065449	1	1982371	.622649	17	100
1	-56.3332	-68.42913	.0453945	-.0130921	6.199911	1	1982371	.622649	17	100
1	-18.54098	-42.08959	.0501632	-.0178381	7.958397	1	1982371	.622649	17	100
1	23.94082	-6.009443	.0479489	-.026727	6.538411	1	1982371	.622649	17	100
1	98.99055	-52.93843	-.0419705	-.0384166	-2.758273	2	1986371	0	17	100
1	18.2046	-76.89657	-.0311258	-.0301213	-3.065822	2	1986371	0	17	100
1	-10.56381	-34.88106	-.0236651	-.0160208	-3.168495	2	1986371	0	17	100
1	30.74802	-24.48183	-.0453422	-.0108712	-4.044982	2	1986371	0	17	100
2	-73.10208	-81.32849	-.0574973	-.0174413	3.555947	3	1990372	0	17	101
2	-40.95056	19.34254	-.033503	-.0210279	3.829387	3	1990372	0	17	101
2	-43.28509	17.29402	-.0070923	-.0210056	-6.241499	3	1990372	0	17	101
2	-93.87086	2.384836	-.0027502	-.0268389	-5.949266	3	1990372	0	17	101
1	-60.22749	58.10521	-.0116256	-.0178955	3.414354	3	1994371	0	17	102
1	-46.61943	-.1785337	.0009143	-.0203782	7.985864	3	1994371	0	17	102
1	-126.1922	-9.960647	-.0074251	-.019867	11.56252	3	1994371	0	17	102
1	-161.6696	13.824	-.0130107	-.0161893	30.6464	3	1994371	0	17	102
2	-198.3627	-5.352969	-.0144663	-.0119961	39.97723	1	1998372	.5857111	17	103
2	-164.3478	-8.212423	-.0008833	-.0152103	20.80709	1	1998372	.5857111	17	103
2	-156.9541	-6.178717	.003462	-.0114627	-.0782157	1	1998372	.5857111	17	103
2	-160.1493	-4.419288	-.0085544	-.0120612	-1.188083	1	1998372	.5857111	17	103
2	-169.8607	5.221059	.0012636	-.0125297	-4.068052	2	2002372	0	17	103
2	-320.523	-14.80865	.0124083	-.0084702	-2.87362	2	2002372	0	17	103
2	-22.675	-16.75853	.0220744	-.0092701	-5.869507	2	2002372	0	17	103
2	13.72765	9.714919	-.0175919	-.0067729	-11.75663	2	2002372	0	17	103
1	12.93356	-39.54565	-.0069104	-.0003535	-33.10368	1	2006371	.6650408	17	104
1	-161.0418	-53.10684	.0183913	.0014376	9.143374	1	2006371	.6650408	17	104
1	-176.0732	-69.60658	.0121748	.0054178	16.27579	1	2006371	.6650408	17	104
1	-159.2137	-88.42579	.0344882	.020103	8.996838	1	2006371	.6650408	17	104
1	-144.2153	-99.27996	-.0057397	.009122	11.12132	2	2010371	0	17	104
1	-120.3771	-131.6947	.0546661	.0085616	13.06464	2	2010371	0	17	104
1	-65.30868	-61.02702	-.0431159	.0039092	12.56416	2	2010371	0	17	104
1	1.261279	-107.9941	.0201504	.0054959	11.06177	2	2010371	0	17	104
2	-47.93399	37.71629	-.0069298	.0013013	-14.24036	1	1950382	.6605127	18	105
2	-58.13441	42.38542	-.0174027	-.0033009	-16.30717	2	1952382	0	18	105
2	20.53613	44.60788	-.0076955	-.0166645	-13.73893	2	1952382	0	18	105
2	38.33751	43.4656	-.0324529	-.0115219	-12.79162	1	1954382	.569122	18	106
2	1.961113	35.97322	-.0140334	-.0099141	-11.90518	1	1954382	.569122	18	106
2	-16.41485	21.14062	.0151421	-.0543647	-7.976473	2	1956382	.4948043	18	106
2	-62.88415	55.45107	-.0053863	-.0055758	-5.279391	2	1956382	.4948043	18	106
1	-27.80566	105.4069	-.0652434	-.0084191	-5.223864	3	1958381	.4466802	18	107
1	-17.42873	70.55726	-.0106462	-.0067262	-2.527911	3	1958381	.4466802	18	107
2	-2.399885	34.39259	.030313	-.010058	-1.142325	1	1962382	.5655949	18	108
2	10.3029	48.8833	-.0188047	-.0036741	.4172482	1	1962382	.5655949	18	108
2	10.35136	20.74129	-.0032026	-.0068839	2.145857	1	1962382	.5655949	18	108
2	9.578651	13.92178	.0014875	-.002017	4.617651	1	1962382	.5655949	18	108
2	23.26346	20.41181	.008487	-.0040109	2.616963	2	1966382	0	18	108
2	26.51448	33.97264	.0123543	-.0027147	.2071993	2	1966382	0	18	108
2	37.40701	33.59629	.0062358	-.0013796	-3.528348	2	1966382	0	18	108
2	35.72277	19.3263	-.0052588	-.0014965	-5.03202	2	1966382	0	18	108
2	48.59795	35.9124	-.0063571	-.0049325	-5.253007	1	1970382	.5572956	18	109
2	7.736024	-3.425144	-.0061666	-.0043978	-6.629005	1	1970382	.5572956	18	109
2	-58.62188	38.98594	-.0001636	-.0085659	-6.92116	1	1970382	.5572956	18	109
2	13.02744	-11.1696	-.0010121	-.0087507	-5.324784	1	1970382	.5572956	18	109
2	-19.11219	-24.43503	.0019781	-.0063764	-3.794909	2	1974382	0	18	109
2	-14.97196	-42.38725	.0069543	-.0026934	-3.861313	2	1974382	0	18	109
2	-68.83185	-33.47594	-.0040784	-.0050738	2.04266	2	1974382	0	18	109
2	-40.89066	-43.40348	.0341248	.0005477	3.302336	2	1974382	0	18	109
1	-64.2462	-9.240362	.0104051	-.0031897	5.618419	3	1978381	.4509612	18	110
1	-8.584158	-33.08167	.0305291	.0024994	8.22506	3	1978381	.4509612	18	110
1	-19.13747	-28.69764	.0133121	-.0013967	22.45124	3	1978381	.4509612	18	110
1	41.60416	-10.87388	.0186029	.0023674	22.1713	3	1978381	.4509612	18	110
2	39.35066	-3.263108	.0107881	.0031478	16.90386	1	1982382	.6309092	18	111
2	96.87348	-4.073066	-.001664	.0026268	6.513851	1	1982382	.6309092	18	111
2	56.34217	34.29132	-.0438253	.0061272	-.151506	1	1982382	.6309092	18	111
2	89.92632	-2.982136	-.0434167	.0094693	16.23851	1	1982382	.6309092	18	111
2	38.22006	48.18859	-.0012384	.0076726	27.18626	2	1986382	0	18	111
2	6.045458	-1.812305	-.0190912	.0031655	33.60748	2	1986382	0	18	111
2	-14.55381	-9.306943	-.0135675	.0058909	37.09009	2	1986382	0	18	111
2	-44.6847	-63.98679	-.0004129	.0090876	-17.34949	2	1986382	0	18	111
1	-66.43848	-18.25197	-.0024618	.0051424	-23.17707	3	1990381	0	18	112
1	-116.8801	-124.2868	.0138318	.0049466	-34.98336	3	1990381	0	18	112
1	-137.2795	-26.34731	.0186331	.004172	-30.54361	3	1990381	0	18	112
1	-74.51028	-26.29526	.0180531	.0034903	-41.02586	3	1990381	0	18	112
1	-74.20676	-31.02788	.0130055	.0031801	-38.70333	3	1994381	0	18	113
1	-120.774	-8.598211	-.0036588	.0583651	-41.85353	3	1994381	0	18	113
1	-32.41961	-21.82426	.0218946	.0111152	-46.28399	3	1994381	0	18	113
1	-101.7742	-8.356637	.0175922	.0055147	-42.82083	3	1994381	0	18	113
1	101.3302	-22.1514	.0294344	.0095563	-37.27384	1	1998381	.6822252	18	114
1	65.01593	-43.90999	.011888	-.0017923	24.65811	1	1998381	.6822252	18	114
1	115.9814	5.19225	.0085405	.0048481	29.2465	1	1998381	.6822252	18	114
1	132.9348	-18.00906	-.0078503	.0011576	12.40404	1	1998381	.6822252	18	114
1	127.9327	-11.85385	.004945	-.0038681	12.71488	2	2002381	0	18	114
1	234.9739	16.1139	-.0003443	.0218314	41.22928	2	2002381	0	18	114
1	148.2035	30.43104	-.0179052	.0102752	31.85224	2	2002381	0	18	114
1	202.7022	-79.70291	.0083114	-.0159221	-9.779809	2	2002381	0	18	114
1	-3.322475	-30.53937	-.001537	-.0066768	6.984978	1	2006381	.5426658	18	115
1	-69.98148	-39.18835	-.0150385	-.0057248	14.60865	1	2006381	.5426658	18	115
1	-43.24702	-35.84863	-.0102909	.0023722	30.91447	1	2006381	.5426658	18	115
1	-41.43176	.9887903	.0135489	-.0000978	8.183385	1	2006381	.5426658	18	115
1	-154.4852	-21.8586	-.0066874	.0014571	25.82293	2	2010381	0	18	115
1	-115.9095	-113.1233	-.001199	-.0057811	23.91862	2	2010381	0	18	115
1	-45.48785	-12.42865	-.0103239	-.0063429	20.6709	2	2010381	0	18	115
1	-14.74079	2.977445	-.0057259	-.0084188	10.45286	2	2010381	0	18	115
1	140.5062	14.88494	-.020907	.0017179	5.158626	1	1974391	.5432919	19	116
1	174.4718	86.44912	-.0096697	.0032197	4.012639	1	1974391	.5432919	19	116
1	199.5852	118.2922	-.0241896	.0036055	4.288862	1	1974391	.5432919	19	116
1	201.1137	94.21977	.0103818	.0086275	3.285673	1	1974391	.5432919	19	116
1	182.0662	60.64954	.0047174	.0040739	-.6039755	2	1978391	0	19	116
1	155.7998	48.31585	.0020664	.0078821	-.8750653	2	1978391	0	19	116
1	128.0437	36.76056	.0011226	.0131563	2.99392	2	1978391	0	19	116
1	101.613	40.40991	-.0164747	.0066974	1.791785	2	1978391	0	19	116
2	-31.2129	31.65339	-.0066399	.005381	2.474033	1	1982392	.513776	19	117
2	-84.64039	34.18965	-.0043938	.0164864	-1.345099	1	1982392	.513776	19	117
2	-95.78903	29.02203	-.0101474	.0113209	-1.489853	1	1982392	.513776	19	117
2	-63.08855	28.95973	.0083703	.0070176	-2.960263	1	1982392	.513776	19	117
2	-88.45085	12.64349	-.005018	.0052105	-4.27161	2	1986392	0	19	117
2	-91.3759	30.18308	-.0158461	-.0015348	-6.371554	2	1986392	0	19	117
2	-99.92323	12.88065	.0046841	.0038693	-8.045836	2	1986392	0	19	117
2	-112.8273	8.904895	.0080833	-.006266	-5.99679	2	1986392	0	19	117
1	-94.05912	-10.71733	.0116401	-.0034417	-9.158076	1	1990391	.6765326	19	118
1	-93.0878	-42.4827	.0157667	-.0031622	-7.831311	1	1990391	.6765326	19	118
1	-118.6001	-47.4164	.0149138	-.0028987	-6.36138	1	1990391	.6765326	19	118
1	-154.8758	-57.12071	.0054736	.0005505	-5.390471	1	1990391	.6765326	19	118
1	-183.0366	-89.62728	.0104012	.0088043	-4.679708	2	1994391	0	19	118
1	88.18759	6.541835	-.0071265	.0101802	-2.986557	2	1994391	0	19	118
1	-67.11461	-8.204964	-.0036407	.008568	-5.223222	2	1994391	0	19	118
1	-26.45254	-13.82208	-.0141519	.0197135	-3.629901	2	1994391	0	19	118
2	19.79767	-12.23969	-.0021959	.0253028	-.1205171	1	1998392	.6491445	19	119
2	-38.44762	-17.10275	-.001178	.0104761	-4.613617	1	1998392	.6491445	19	119
2	-67.25986	-21.54507	.0029614	.0161669	-5.970426	1	1998392	.6491445	19	119
2	-60.89181	-37.23946	.0124557	.0140738	-.7626396	1	1998392	.6491445	19	119
2	-16.16941	-35.26495	.0014696	.041048	-2.973475	2	2002392	0	19	119
2	12.72957	-43.8593	-.0003016	.0122647	-5.237431	2	2002392	0	19	119
2	51.19223	-32.11077	-.0167295	.000338	-7.377118	2	2002392	0	19	119
1	-27.84942	-5.624125	.0033178	-.0039237	-16.86806	1	2006391	.603647	19	120
1	-132.4892	-4.849139	-.0002812	-.0019227	-9.685313	1	2006391	.603647	19	120
1	49.1072	13.99401	-.0065447	-.0024268	-4.281552	1	2006391	.603647	19	120
1	-44.94461	-2.865932	.0114723	-.0029586	-.7787064	1	2006391	.603647	19	120
1	-49.05344	.7029806	.010363	.0009308	3.960978	2	2010391	0	19	120
1	-89.11446	40.85517	.0046636	.0008127	3.824837	2	2010391	0	19	120
1	66.96726	53.49201	.0183011	-.0019715	6.078441	2	2010391	0	19	120
1	142.2067	68.11175	.0118617	-.0046828	4.043679	2	2010391	0	19	120
1	292.4784	34.26099	-.0028149	.0016461	-11.3114	3	1994401	0	20	121
1	120.6054	-3.056759	-.0261619	-.007468	-11.83823	3	1994401	0	20	121
2	203.413	-20.15405	.0053421	-.0027542	-7.168463	1	1998402	.5474526	20	122
2	61.24888	-6.116633	-.0130778	-.0051786	-11.51637	1	1998402	.5474526	20	122
2	-37.9105	15.18187	.0086569	-.0009947	-11.58071	1	1998402	.5474526	20	122
2	-94.25867	43.19437	-.0059524	-.0058743	-6.011096	1	1998402	.5474526	20	122
2	-31.90837	27.92595	-.0008647	-.0023102	-6.935114	2	2002402	0	20	122
2	-6.988607	58.18581	.0043909	-.0036227	-7.36827	2	2002402	0	20	122
2	138.6554	122.2229	.0227087	.0085151	-6.215287	2	2002402	0	20	122
2	124.6091	84.20889	.0210258	-.004851	-14.19744	2	2002402	0	20	122
2	133.9172	80.74902	.0140286	-.004177	-13.96364	1	2006402	.5100864	20	123
2	193.2102	92.97001	-.0029435	-.0051749	-7.669442	1	2006402	.5100864	20	123
2	181.3712	122.7449	-.0196652	-.0059634	-3.853454	1	2006402	.5100864	20	123
2	173.9511	80.91341	-.0098865	-.0036255	-2.235399	1	2006402	.5100864	20	123
2	120.0264	37.57085	-.0027695	.0020942	-.1730867	2	2010402	0	20	123
2	141.1614	43.35382	-.0153322	.0031177	-.3775892	2	2010402	0	20	123
2	-54.85226	40.24331	.0110326	.0058572	1.27503	2	2010402	0	20	123
2	74.04136	23.96507	.0086723	.0051724	1.309159	2	2010402	0	20	123
1	-27.5385	29.51237	-.0033624	-.0227542	-4.200776	1	1982411	.6980225	21	124
1	-43.97321	47.76678	.0059767	-.0241148	-4.266712	1	1982411	.6980225	21	124
1	-25.45034	46.96418	-.002777	-.0282645	-4.210611	1	1982411	.6980225	21	124
1	-74.36767	51.89586	-.0124987	-.0325241	-4.272756	1	1982411	.6980225	21	124
1	-130.6085	50.40159	.0191067	-.0337566	-2.973868	2	1986411	0	21	124
1	-115.6611	35.35859	.0147747	-.0368942	-2.974008	2	1986411	0	21	124
1	-20.48082	53.49507	.0034518	-.0292569	-3.941954	2	1986411	0	21	124
1	-25.28566	65.08142	.007466	-.0196266	-1.291574	2	1986411	0	21	124
2	-37.66966	57.78915	.0107989	-.0201909	-4.700634	1	1990412	.7137886	21	125
2	-31.37307	62.87702	.0054682	-.0234737	-4.07388	1	1990412	.7137886	21	125
2	-52.72005	63.62964	.0066787	-.0222514	-3.645091	1	1990412	.7137886	21	125
2	3.303634	74.81007	.0061799	-.0230505	-1.830727	1	1990412	.7137886	21	125
2	50.94004	30.09531	-.0043497	-.011185	-1.913151	2	1994412	0	21	125
2	-13.41271	-11.4468	-.0119512	-.0120907	-2.844858	2	1994412	0	21	125
2	2.637721	-16.05287	-.005126	-.0189454	-6.055416	2	1994412	0	21	125
2	53.97626	-25.80201	-.0029161	-.0147893	-4.235768	2	1994412	0	21	125
2	-25.90888	-19.83262	-.0056763	-.016008	-.912183	3	1998412	.4592177	21	126
2	58.84636	.7530451	-.0067914	-.0180164	-5.282959	3	1998412	.4592177	21	126
2	40.23703	-14.52151	-.0001463	-.0126117	-5.410145	3	1998412	.4592177	21	126
2	56.39857	-22.30557	9.53e-07	-.0076736	.9387389	3	1998412	.4592177	21	126
1	51.03666	-4.565684	.0046696	-.0033578	.4427666	3	2002411	.4709542	21	127
1	119.4165	-17.06032	-.00315	-.0102888	.3953343	3	2002411	.4709542	21	127
1	173.055	-26.68396	-.0213325	-.0179177	-.080224	3	2002411	.4709542	21	127
1	201.7744	-50.17303	-.0039583	.0208244	-4.92609	3	2002411	.4709542	21	127
2	198.4724	-44.34847	-.009702	-.009602	-4.97727	1	2006412	.5516947	21	128
2	123.1364	-54.22433	-.0029716	-.0006549	4.544704	1	2006412	.5516947	21	128
2	89.15084	-65.29063	.0034411	-.0005913	12.06941	1	2006412	.5516947	21	128
2	7.608646	-93.85461	.0037067	-.0007851	8.086543	1	2006412	.5516947	21	128
2	-15.62422	-47.76437	-.0032085	-.0018236	8.091366	2	2010412	0	21	128
2	53.50858	-127.4564	-.0097671	-.0008197	5.778792	2	2010412	0	21	128
2	-89.07989	-107.4123	.001109	-.0014155	5.515323	2	2010412	0	21	128
2	-153.8305	-99.07005	-.0063158	-.0064338	1.634188	2	2010412	0	21	128
2	155.6181	179.7173	-.1337706	1.098557	6.104319	1	1956422	.543869	22	129
2	156.5891	192.5941	-.0056692	-.0317863	5.560672	1	1956422	.543869	22	129
2	133.4451	117.9523	.1125289	-.0227447	7.600727	2	1958422	0	22	129
2	107.5295	129.8426	-.0096612	-.0275583	7.514029	2	1958422	0	22	129
1	154.5519	164.396	-.1470291	-.0223552	4.4982	3	1960421	.4927205	22	130
1	128.1825	108.9058	.1858347	-.0129736	7.428561	3	1960421	.4927205	22	130
2	157.1883	116.0223	-.032411	-.0095466	6.543623	1	1962422	.5609949	22	131
2	128.8438	87.80627	.0807981	-.0177171	7.598859	1	1962422	.5609949	22	131
2	85.21389	110.0567	-.0776245	-.0165424	5.699311	2	1964422	0	22	131
2	165.4231	111.3411	-.0858567	-.0128478	3.859106	2	1964422	0	22	131
2	161.1413	78.37536	.047046	-.0168414	4.772668	1	1966422	.5771337	22	132
2	104.5755	98.8951	-.0006649	-.0126305	4.959206	1	1966422	.5771337	22	132
2	90.93216	118.322	-.0504148	-.0137092	3.705485	2	1968422	0	22	132
2	102.3744	103.8282	-.0196235	-.0162017	3.173081	2	1968422	0	22	132
2	67.54529	71.13512	-.0111025	-.0104887	2.951554	3	1970422	.4515154	22	133
2	21.42202	96.67277	-.0040018	-.0119476	3.451812	3	1970422	.4515154	22	133
1	81.53049	89.71423	.0030118	-.010245	3.449172	1	1972421	.6003433	22	134
1	35.20557	44.94481	.0468736	-.0142548	4.389793	1	1972421	.6003433	22	134
1	34.28891	-6.989971	.1358822	-.0027022	8.462105	1	1974421	.5360748	22	134
1	15.6992	42.76851	-.0969074	-.0051565	4.967183	1	1974421	.5360748	22	134
1	-11.6153	15.45065	.009344	-.004321	5.264681	2	1978421	0	22	134
1	65.79465	69.99436	-.1164875	-.0150858	.7171915	2	1978421	0	22	134
1	85.57959	39.60582	.0299068	-.0083861	.382054	2	1978421	0	22	134
1	86.04013	21.15595	.0196459	-.0118401	.9889199	2	1978421	0	22	134
2	82.06823	19.39469	-.0209814	-.0137138	-.198564	1	1982422	.7087327	22	135
2	133.8477	75.37773	-.1098917	-.0100026	-3.148358	1	1982422	.7087327	22	135
2	143.5058	60.70059	.0413491	.0066067	-1.314491	1	1982422	.7087327	22	135
2	67.8344	72.66711	-.012191	.0025158	-3.44248	1	1982422	.7087327	22	135
2	42.81815	45.23119	-.0237443	-.0072023	-5.027208	2	1986422	0	22	135
2	64.25877	-15.10985	.030305	.0010721	-5.387403	2	1986422	0	22	135
2	53.05197	-43.38	-.038528	.0041624	-6.574198	2	1986422	0	22	135
2	37.68015	-33.05376	-.0079947	.0060925	-4.623349	2	1986422	0	22	135
2	226.8148	-61.75594	-.0014346	-.0015196	-8.485474	1	1990422	.5889539	22	136
2	-24.38464	-20.59851	-.0317618	.0014455	-9.24815	1	1990422	.5889539	22	136
2	-10.05171	-70.72301	-.0018098	-.0005765	-9.490468	1	1990422	.5889539	22	136
2	-44.66263	-94.1136	.0363332	.003456	-7.655239	1	1990422	.5889539	22	136
2	-109.2502	-128.978	.0043327	.0014862	-7.934171	2	1994422	0	22	136
2	-143.3653	-119.5619	.0140207	-.0036638	-8.007016	2	1994422	0	22	136
2	-111.2665	-136.841	-.0040816	-.0002977	-11.80007	2	1994422	0	22	136
2	-136.6443	-125.5735	-.037436	-.0018575	-7.491489	1	1998422	.6609479	22	137
2	-109.0653	-139.4079	.0494328	-.0030216	-9.787275	1	1998422	.6609479	22	137
2	-85.49431	-125.5445	-.0342087	-.0017339	-11.73215	1	1998422	.6609479	22	137
2	-27.4131	-141.1324	.0082059	-.0071771	-5.697133	1	1998422	.6609479	22	137
2	-155.1372	-157.8012	.0056089	-.0045191	-5.904701	2	2002422	0	22	137
2	-200.648	-155.6755	-.0020701	-.0086065	-6.935541	2	2002422	0	22	137
2	-144.3161	-166.3463	.0102478	-.0057152	-5.841794	2	2002422	0	22	137
2	-225.1081	-124.543	-.0128692	-.0049544	-15.40354	2	2002422	0	22	137
2	-248.5664	-152.181	.0533692	-.0090486	-13.09582	1	2006422	.6306323	22	138
2	-274.9402	-165.7902	.0096378	-.0118659	-2.897913	1	2006422	.6306323	22	138
2	-243.7522	-180.6653	-.0148288	-.0120862	1.990061	1	2006422	.6306323	22	138
2	-223.612	-174.4665	-.0412789	-.0156285	-.6088749	1	2006422	.6306323	22	138
2	-315.6318	-214.5736	.0433977	-.0137505	.7915716	2	2010422	0	22	138
2	-380.1265	-220.3292	.0441818	-.01228	3.150503	2	2010422	0	22	138
2	-274.3837	-152.7227	-.005893	-.0127182	2.943479	2	2010422	0	22	138
2	-256.5424	-133.7307	.0124317	-.0128028	.9237772	2	2010422	0	22	138
2	-41.56607	-.7977682	-.0073872	.0051296	.1906173	1	1982432	.5955717	23	139
2	-21.48199	-3.656456	-.0096393	.0032856	.3640651	1	1982432	.5955717	23	139
2	-50.84689	-15.3685	-.0121592	.0041063	.6552952	1	1982432	.5955717	23	139
2	-94.54426	-13.5415	-.0056136	.0050938	-1.329323	1	1982432	.5955717	23	139
2	-104.5371	-27.40424	.000287	.0083192	-2.133917	2	1986432	0	23	139
2	-93.3057	-52.29117	.0073805	.012906	-3.250201	2	1986432	0	23	139
2	-86.31672	-22.40368	.0048615	.0036662	-4.027592	2	1986432	0	23	139
2	-69.50832	-10.23509	.0127053	.0067472	-1.645859	2	1986432	0	23	139
1	-54.0286	-19.2639	.0177913	.0037111	-5.126143	1	1990431	.6242603	23	140
1	-39.79677	-37.54475	.0077216	.0071747	-5.282708	1	1990431	.6242603	23	140
1	-38.71774	-46.54398	-.0075391	.0041656	-5.507835	1	1990431	.6242603	23	140
1	-59.15826	-46.16609	-.0019608	.0099658	-5.724258	1	1990431	.6242603	23	140
1	-65.02562	-69.71802	.0083596	.0010922	-5.738548	2	1994431	0	23	140
1	-83.66772	-36.98744	.0229221	.0017841	-5.867251	2	1994431	0	23	140
1	-78.79016	7.105212	.0099894	.0080794	-9.767637	2	1994431	0	23	140
1	-37.26497	-38.39742	.0047343	.0089188	-9.055388	2	1994431	0	23	140
2	13.79491	-75.82967	.0139044	.0073645	-4.03869	1	1998432	.6995478	23	141
2	1.933592	-71.55461	-.0115512	.0033195	-9.283117	1	1998432	.6995478	23	141
2	-6.888988	-73.85523	-.0031691	.0029228	-9.767822	1	1998432	.6995478	23	141
2	-30.27066	-98.09869	.0027464	.0072754	-3.284853	1	1998432	.6995478	23	141
2	-25.68899	-110.6236	.0005262	.0094987	-3.778553	2	2002432	0	23	141
2	-68.98289	-117.9537	-.0133233	.0042778	-5.238153	2	2002432	0	23	141
2	-74.30125	-113.5277	-.009021	.0024734	-5.415546	2	2002432	0	23	141
2	-84.49085	-108.5512	.0040363	.0045698	-13.98105	2	2002432	0	23	141
1	-68.97408	-53.49494	.0002014	.0072485	-14.82491	1	2006431	.6975677	23	142
1	-51.47904	-56.97644	-.0047808	.0079183	-8.734571	1	2006431	.6975677	23	142
1	-24.94341	-81.0909	-.0054746	.0052789	-4.883252	1	2006431	.6975677	23	142
1	-153.3823	-108.6025	-.0041845	.0057428	-3.661132	1	2006431	.6975677	23	142
1	-207.3321	-121.5133	-.0028849	.0039322	-2.61087	2	2010431	0	23	142
1	-223.7317	-94.40702	-.0178686	.0030558	-3.273552	2	2010431	0	23	142
1	-214.1924	-97.89365	.0078197	.0048682	-1.652507	2	2010431	0	23	142
1	-292.1183	-75.15497	.0131874	-.0013099	-4.185384	2	2010431	0	23	142
2	18.26233	5.183142	-.0327964	.0098461	-41.83573	1	1972492	.5473699	24	143
2	70.67429	-2.841648	.0349416	-.0005327	-39.98078	1	1972492	.5473699	24	143
2	78.23049	20.0812	.0159228	.001152	-38.3886	1	1972492	.5473699	24	143
2	111.8247	67.72089	.0036346	.0060306	-30.96182	1	1972492	.5473699	24	143
2	101.0628	49.46452	-.0286443	.0020482	-28.08136	2	1976492	0	24	143
2	60.37491	29.86693	.0196372	.0089048	-25.76146	2	1976492	0	24	143
2	-24.71948	84.64886	.051655	.0023769	-15.83574	2	1976492	0	24	143
2	38.27715	101.2097	.0240365	.0013396	-16.70764	2	1976492	0	24	143
1	45.72091	73.4278	.0206349	.0021396	-21.84525	1	1980491	.5437172	24	144
1	59.37144	59.33273	-.0052419	.0076491	-3.764174	1	1980491	.5437172	24	144
1	153.5311	91.14101	.0031458	-.0017545	-1.920104	1	1980491	.5437172	24	144
1	104.4113	71.98978	-.0010941	-.0042396	-.8276938	1	1980491	.5437172	24	144
1	25.63903	44.66183	-.0259272	.0004277	-4.850339	2	1984491	0	24	144
1	-39.82937	100.7116	.0028064	-.0017417	-5.564487	2	1984491	0	24	144
1	-91.90042	64.26393	-.0285343	-.0040063	-5.726113	2	1984491	0	24	144
1	-60.73415	100.1501	-.0228725	-.0092044	1.153234	2	1984491	0	24	144
2	-55.04006	113.6951	-.0166215	-.0075943	8.844641	3	1988492	.4112914	24	145
2	-5.916952	97.48502	-.0203938	-.0114942	22.61857	3	1988492	.4112914	24	145
2	15.82321	59.99622	-.0229436	-.0040795	49.96532	3	1988492	.4112914	24	145
2	-80.00014	-127.311	-.0003501	-.0104741	47.32786	3	1988492	.4112914	24	145
1	-184.0706	-104.773	-.0095092	-.0006018	39.0839	1	1992491	.6050712	24	146
1	-150.8395	-27.44161	.0170033	.0001615	41.44971	1	1992491	.6050712	24	146
1	-100.1943	-19.90399	.0143422	-.0057114	45.01796	1	1992491	.6050712	24	146
1	-107.5372	-51.49467	.0137952	-.003595	54.53379	1	1992491	.6050712	24	146
1	-20.07919	-45.30565	-.0038325	-.005271	127.3752	2	1996491	0	24	146
1	60.24908	-35.38315	-.006787	-.000679	89.69161	2	1996491	0	24	146
1	10.21458	-22.28718	-.012428	-.0013666	5.867872	2	1996491	0	24	146
1	58.37206	-26.42773	-.0136582	-.0012848	55.36806	2	1996491	0	24	146
2	168.6561	-26.86807	-.0075386	.001049	82.20844	3	2000492	.485021	24	147
2	131.4765	-31.40593	-.0078713	.0175693	53.58487	3	2000492	.485021	24	147
2	81.66383	29.83428	-.0129381	.002884	59.20308	3	2000492	.485021	24	147
2	-12.90828	20.1848	-.0168029	.0019446	71.56321	3	2000492	.485021	24	147
1	-259.6021	10.67863	.0198672	-.0016652	80.62978	3	2004491	0	24	148
1	28.78377	45.15234	.0168058	.0025224	262.6927	3	2004491	0	24	148
1	89.58849	43.38442	-.0071936	.0025042	276.6624	3	2004491	0	24	148
1	158.717	44.05719	-.0136141	-.0016157	66.99027	3	2004491	0	24	148
1	96.26219	36.58875	-.0092528	-.0054244	-59.02748	1	2008491	.7306695	24	149
1	74.30239	5.248928	.0151872	-.0031066	-37.79713	1	2008491	.7306695	24	149
1	-31.01006	-14.75426	-.0064779	-.0133016	-75.7075	1	2008491	.7306695	24	149
1	-59.6241	16.5822	.0170938	-.0054198	-87.93542	1	2008491	.7306695	24	149
1	13.5862	44.73891	.0410882	-.0052407	-73.98013	2	2012491	.5251871	24	149
1	91.13226	88.76504	.0027691	-.0038397	-47.45525	2	2012491	.5251871	24	149
